[    64.166] (--) Log file renamed from "/home/abebe/.local/share/xorg/Xorg.pid-829.log" to "/home/abebe/.local/share/xorg/Xorg.0.log"
[    64.183] 
X.Org X Server 1.20.9
X Protocol Version 11, Revision 0
[    64.183] Build Operating System: Linux 4.15.0-140-generic x86_64 Ubuntu
[    64.183] Current Operating System: Linux uradora 5.11.0-44-generic #48~20.04.2-Ubuntu SMP Tue Dec 14 15:36:44 UTC 2021 x86_64
[    64.183] Kernel command line: BOOT_IMAGE=/boot/vmlinuz-5.11.0-44-generic root=UUID=2fcf9ef5-8574-41d9-96b3-978fe656fac9 ro quiet splash vt.handoff=7
[    64.183] Build Date: 08 April 2021  12:29:22PM
[    64.183] xorg-server 2:1.20.9-2ubuntu1.2~20.04.2 (For technical support please see http://www.ubuntu.com/support) 
[    64.183] Current version of pixman: 0.38.4
[    64.183] 	Before reporting problems, check http://wiki.x.org
	to make sure that you have the latest version.
[    64.183] Markers: (--) probed, (**) from config file, (==) default setting,
	(++) from command line, (!!) notice, (II) informational,
	(WW) warning, (EE) error, (NI) not implemented, (??) unknown.
[    64.184] (==) Log file: "/home/abebe/.local/share/xorg/Xorg.0.log", Time: Sun Jan  9 22:03:58 2022
[    64.246] (==) Using system config directory "/usr/share/X11/xorg.conf.d"
[    64.412] (==) No Layout section.  Using the first Screen section.
[    64.412] (==) No screen section available. Using defaults.
[    64.412] (**) |-->Screen "Default Screen Section" (0)
[    64.412] (**) |   |-->Monitor "<default monitor>"
[    64.474] (==) No monitor specified for screen "Default Screen Section".
	Using a default monitor configuration.
[    64.474] (==) Automatically adding devices
[    64.474] (==) Automatically enabling devices
[    64.474] (==) Automatically adding GPU devices
[    64.474] (==) Automatically binding GPU devices
[    64.474] (==) Max clients allowed: 256, resource mask: 0x1fffff
[    64.778] (WW) The directory "/usr/share/fonts/X11/cyrillic" does not exist.
[    64.778] 	Entry deleted from font path.
[    64.778] (WW) The directory "/usr/share/fonts/X11/100dpi/" does not exist.
[    64.778] 	Entry deleted from font path.
[    64.778] (WW) The directory "/usr/share/fonts/X11/75dpi/" does not exist.
[    64.778] 	Entry deleted from font path.
[    64.779] (WW) The directory "/usr/share/fonts/X11/100dpi" does not exist.
[    64.779] 	Entry deleted from font path.
[    64.779] (WW) The directory "/usr/share/fonts/X11/75dpi" does not exist.
[    64.779] 	Entry deleted from font path.
[    64.779] (==) FontPath set to:
	/usr/share/fonts/X11/misc,
	/usr/share/fonts/X11/Type1,
	built-ins
[    64.779] (==) ModulePath set to "/usr/lib/xorg/modules"
[    64.779] (II) The server relies on udev to provide the list of input devices.
	If no devices become available, reconfigure udev or disable AutoAddDevices.
[    64.779] (II) Loader magic: 0x55e0ad438020
[    64.779] (II) Module ABI versions:
[    64.779] 	X.Org ANSI C Emulation: 0.4
[    64.779] 	X.Org Video Driver: 24.1
[    64.779] 	X.Org XInput driver : 24.1
[    64.779] 	X.Org Server Extension : 10.0
[    64.781] (++) using VT number 2

[    64.787] (II) systemd-logind: took control of session /org/freedesktop/login1/session/_31
[    64.789] (II) xfree86: Adding drm device (/dev/dri/card0)
[    64.792] (II) systemd-logind: got fd for /dev/dri/card0 226:0 fd 12 paused 0
[    64.807] (--) PCI:*(0@0:2:0) 8086:2a02:10f7:8338 rev 3, Mem @ 0xfc000000/1048576, 0x80000000/268435456, I/O @ 0x00001800/8, BIOS @ 0x????????/131072
[    64.807] (--) PCI: (0@0:2:1) 8086:2a03:10f7:8338 rev 3, Mem @ 0xfc100000/1048576
[    64.822] (II) LoadModule: "glx"
[    64.925] (II) Loading /usr/lib/xorg/modules/extensions/libglx.so
[    65.821] (II) Module glx: vendor="X.Org Foundation"
[    65.821] 	compiled for 1.20.9, module version = 1.0.0
[    65.821] 	ABI class: X.Org Server Extension, version 10.0
[    65.821] (==) Matched modesetting as autoconfigured driver 0
[    65.821] (==) Matched fbdev as autoconfigured driver 1
[    65.821] (==) Matched vesa as autoconfigured driver 2
[    65.821] (==) Assigned the driver to the xf86ConfigLayout
[    65.821] (II) LoadModule: "modesetting"
[    66.047] (II) Loading /usr/lib/xorg/modules/drivers/modesetting_drv.so
[    66.126] (II) Module modesetting: vendor="X.Org Foundation"
[    66.126] 	compiled for 1.20.9, module version = 1.20.9
[    66.126] 	Module class: X.Org Video Driver
[    66.127] 	ABI class: X.Org Video Driver, version 24.1
[    66.127] (II) LoadModule: "fbdev"
[    66.127] (II) Loading /usr/lib/xorg/modules/drivers/fbdev_drv.so
[    66.238] (II) Module fbdev: vendor="X.Org Foundation"
[    66.238] 	compiled for 1.20.1, module version = 0.5.0
[    66.238] 	Module class: X.Org Video Driver
[    66.238] 	ABI class: X.Org Video Driver, version 24.0
[    66.239] (II) LoadModule: "vesa"
[    66.239] (II) Loading /usr/lib/xorg/modules/drivers/vesa_drv.so
[    66.253] (II) Module vesa: vendor="X.Org Foundation"
[    66.253] 	compiled for 1.20.4, module version = 2.4.0
[    66.253] 	Module class: X.Org Video Driver
[    66.253] 	ABI class: X.Org Video Driver, version 24.0
[    66.254] (II) modesetting: Driver for Modesetting Kernel Drivers: kms
[    66.254] (II) FBDEV: driver for framebuffer: fbdev
[    66.254] (II) VESA: driver for VESA chipsets: vesa
[    66.254] xf86EnableIOPorts: failed to set IOPL for I/O (Operation not permitted)
[    66.254] (II) modeset(0): using drv /dev/dri/card0
[    66.254] (WW) Falling back to old probe method for fbdev
[    66.254] (II) Loading sub module "fbdevhw"
[    66.254] (II) LoadModule: "fbdevhw"
[    66.254] (II) Loading /usr/lib/xorg/modules/libfbdevhw.so
[    66.273] (II) Module fbdevhw: vendor="X.Org Foundation"
[    66.273] 	compiled for 1.20.9, module version = 0.0.2
[    66.273] 	ABI class: X.Org Video Driver, version 24.1
[    66.273] (EE) open /dev/fb0: Permission denied
[    66.273] (WW) VGA arbiter: cannot open kernel arbiter, no multi-card support
[    66.274] (II) modeset(0): Creating default Display subsection in Screen section
	"Default Screen Section" for depth/fbbpp 24/32
[    66.274] (==) modeset(0): Depth 24, (==) framebuffer bpp 32
[    66.274] (==) modeset(0): RGB weight 888
[    66.274] (==) modeset(0): Default visual is TrueColor
[    66.274] (II) Loading sub module "glamoregl"
[    66.274] (II) LoadModule: "glamoregl"
[    66.274] (II) Loading /usr/lib/xorg/modules/libglamoregl.so
[    66.879] (II) Module glamoregl: vendor="X.Org Foundation"
[    66.879] 	compiled for 1.20.9, module version = 1.0.1
[    66.879] 	ABI class: X.Org ANSI C Emulation, version 0.4
[    71.710] (II) modeset(0): glamor X acceleration enabled on Mesa DRI Intel(R) 965GM (CL)
[    71.710] (II) modeset(0): glamor initialized
[    71.710] (II) modeset(0): Output LVDS-1 has no monitor section
[    71.720] (II) modeset(0): Output VGA-1 has no monitor section
[    71.721] (II) modeset(0): EDID for output LVDS-1
[    71.722] (II) modeset(0): Printing probed modes for output LVDS-1
[    71.722] (II) modeset(0): Modeline "1024x768"x60.0   65.00  1024 1048 1184 1344  768 771 777 806 -hsync -vsync (48.4 kHz P)
[    71.722] (II) modeset(0): Modeline "960x720"x120.0  117.00  960 1024 1128 1300  720 720 722 750 doublescan -hsync +vsync (90.0 kHz d)
[    71.722] (II) modeset(0): Modeline "928x696"x120.1  109.15  928 976 1088 1264  696 696 698 719 doublescan -hsync +vsync (86.4 kHz d)
[    71.722] (II) modeset(0): Modeline "896x672"x120.0  102.40  896 960 1060 1224  672 672 674 697 doublescan -hsync +vsync (83.7 kHz d)
[    71.722] (II) modeset(0): Modeline "1024x576"x119.9   98.50  1024 1092 1200 1376  576 577 580 597 doublescan -hsync +vsync (71.6 kHz d)
[    71.723] (II) modeset(0): Modeline "1024x576"x119.9   78.38  1024 1048 1064 1104  576 577 580 592 doublescan +hsync -vsync (71.0 kHz d)
[    71.723] (II) modeset(0): Modeline "1024x576"x59.9   46.50  1024 1064 1160 1296  576 579 584 599 -hsync +vsync (35.9 kHz d)
[    71.723] (II) modeset(0): Modeline "1024x576"x59.8   42.00  1024 1072 1104 1184  576 579 584 593 +hsync -vsync (35.5 kHz d)
[    71.723] (II) modeset(0): Modeline "960x600"x119.9   96.62  960 1028 1128 1296  600 601 604 622 doublescan -hsync +vsync (74.6 kHz d)
[    71.723] (II) modeset(0): Modeline "960x600"x120.0   77.00  960 984 1000 1040  600 601 604 617 doublescan +hsync -vsync (74.0 kHz d)
[    71.723] (II) modeset(0): Modeline "960x540"x119.9   86.50  960 1024 1124 1288  540 541 544 560 doublescan -hsync +vsync (67.2 kHz d)
[    71.723] (II) modeset(0): Modeline "960x540"x120.0   69.25  960 984 1000 1040  540 541 544 555 doublescan +hsync -vsync (66.6 kHz d)
[    71.724] (II) modeset(0): Modeline "960x540"x59.6   40.75  960 992 1088 1216  540 543 548 562 -hsync +vsync (33.5 kHz d)
[    71.724] (II) modeset(0): Modeline "960x540"x59.8   37.25  960 1008 1040 1120  540 543 548 556 +hsync -vsync (33.3 kHz d)
[    71.724] (II) modeset(0): Modeline "800x600"x120.0   81.00  800 832 928 1080  600 600 602 625 doublescan +hsync +vsync (75.0 kHz d)
[    71.724] (II) modeset(0): Modeline "800x600"x60.3   40.00  800 840 968 1056  600 601 605 628 +hsync +vsync (37.9 kHz d)
[    71.724] (II) modeset(0): Modeline "800x600"x56.2   36.00  800 824 896 1024  600 601 603 625 +hsync +vsync (35.2 kHz d)
[    71.724] (II) modeset(0): Modeline "840x525"x120.0   73.12  840 892 980 1120  525 526 529 544 doublescan -hsync +vsync (65.3 kHz d)
[    71.724] (II) modeset(0): Modeline "840x525"x119.8   59.50  840 864 880 920  525 526 529 540 doublescan +hsync -vsync (64.7 kHz d)
[    71.724] (II) modeset(0): Modeline "864x486"x59.9   32.50  864 888 968 1072  486 489 494 506 -hsync +vsync (30.3 kHz d)
[    71.724] (II) modeset(0): Modeline "864x486"x59.6   30.50  864 912 944 1024  486 489 494 500 +hsync -vsync (29.8 kHz d)
[    71.724] (II) modeset(0): Modeline "800x512"x120.3   51.56  800 800 828 832  512 512 514 515 doublescan +hsync +vsync (62.0 kHz d)
[    71.724] (II) modeset(0): Modeline "700x525"x120.0   61.00  700 744 820 940  525 526 532 541 doublescan +hsync +vsync (64.9 kHz d)
[    71.724] (II) modeset(0): Modeline "800x450"x119.9   59.12  800 848 928 1056  450 451 454 467 doublescan -hsync +vsync (56.0 kHz d)
[    71.725] (II) modeset(0): Modeline "800x450"x119.6   48.75  800 824 840 880  450 451 454 463 doublescan +hsync -vsync (55.4 kHz d)
[    71.725] (II) modeset(0): Modeline "640x512"x120.0   54.00  640 664 720 844  512 512 514 533 doublescan +hsync +vsync (64.0 kHz d)
[    71.725] (II) modeset(0): Modeline "720x450"x119.8   53.25  720 760 836 952  450 451 454 467 doublescan -hsync +vsync (55.9 kHz d)
[    71.725] (II) modeset(0): Modeline "700x450"x119.9   51.75  700 740 812 924  450 451 456 467 doublescan -hsync +vsync (56.0 kHz d)
[    71.725] (II) modeset(0): Modeline "700x450"x119.8   43.25  700 724 740 780  450 451 456 463 doublescan +hsync -vsync (55.4 kHz d)
[    71.725] (II) modeset(0): Modeline "640x480"x120.0   54.00  640 688 744 900  480 480 482 500 doublescan +hsync +vsync (60.0 kHz d)
[    71.725] (II) modeset(0): Modeline "640x480"x59.9   25.18  640 656 752 800  480 490 492 525 -hsync -vsync (31.5 kHz d)
[    71.725] (II) modeset(0): Modeline "720x405"x59.5   22.50  720 744 808 896  405 408 413 422 -hsync +vsync (25.1 kHz d)
[    71.725] (II) modeset(0): Modeline "720x405"x59.0   21.75  720 768 800 880  405 408 413 419 +hsync -vsync (24.7 kHz d)
[    71.725] (II) modeset(0): Modeline "684x384"x119.8   42.62  684 720 788 892  384 385 390 399 doublescan -hsync +vsync (47.8 kHz d)
[    71.725] (II) modeset(0): Modeline "684x384"x119.7   36.12  684 708 724 764  384 385 390 395 doublescan +hsync -vsync (47.3 kHz d)
[    71.725] (II) modeset(0): Modeline "680x384"x119.6   42.38  680 716 784 888  384 385 390 399 doublescan -hsync +vsync (47.7 kHz d)
[    71.725] (II) modeset(0): Modeline "680x384"x119.9   36.00  680 704 720 760  384 385 390 395 doublescan +hsync -vsync (47.4 kHz d)
[    71.725] (II) modeset(0): Modeline "640x400"x119.8   41.75  640 676 740 840  400 401 404 415 doublescan -hsync +vsync (49.7 kHz d)
[    71.725] (II) modeset(0): Modeline "640x400"x120.0   35.50  640 664 680 720  400 401 404 411 doublescan +hsync -vsync (49.3 kHz d)
[    71.725] (II) modeset(0): Modeline "576x432"x120.1   40.81  576 608 668 760  432 432 434 447 doublescan -hsync +vsync (53.7 kHz d)
[    71.725] (II) modeset(0): Modeline "640x360"x119.7   37.25  640 672 736 832  360 361 364 374 doublescan -hsync +vsync (44.8 kHz d)
[    71.725] (II) modeset(0): Modeline "640x360"x119.7   31.88  640 664 680 720  360 361 364 370 doublescan +hsync -vsync (44.3 kHz d)
[    71.725] (II) modeset(0): Modeline "640x360"x59.8   18.00  640 664 720 800  360 363 368 376 -hsync +vsync (22.5 kHz d)
[    71.725] (II) modeset(0): Modeline "640x360"x59.3   17.75  640 688 720 800  360 363 368 374 +hsync -vsync (22.2 kHz d)
[    71.725] (II) modeset(0): Modeline "512x384"x120.0   32.50  512 524 592 672  384 385 388 403 doublescan -hsync -vsync (48.4 kHz d)
[    71.726] (II) modeset(0): Modeline "512x288"x120.0   23.25  512 532 580 648  288 289 292 299 doublescan -hsync +vsync (35.9 kHz d)
[    71.726] (II) modeset(0): Modeline "512x288"x119.8   21.00  512 536 552 592  288 289 292 296 doublescan +hsync -vsync (35.5 kHz d)
[    71.726] (II) modeset(0): Modeline "480x270"x119.3   20.38  480 496 544 608  270 271 274 281 doublescan -hsync +vsync (33.5 kHz d)
[    71.726] (II) modeset(0): Modeline "480x270"x119.6   18.62  480 504 520 560  270 271 274 278 doublescan +hsync -vsync (33.3 kHz d)
[    71.726] (II) modeset(0): Modeline "400x300"x120.6   20.00  400 420 484 528  300 300 302 314 doublescan +hsync +vsync (37.9 kHz d)
[    71.726] (II) modeset(0): Modeline "400x300"x112.7   18.00  400 412 448 512  300 300 301 312 doublescan +hsync +vsync (35.2 kHz d)
[    71.726] (II) modeset(0): Modeline "432x243"x119.8   16.25  432 444 484 536  243 244 247 253 doublescan -hsync +vsync (30.3 kHz d)
[    71.726] (II) modeset(0): Modeline "432x243"x119.1   15.25  432 456 472 512  243 244 247 250 doublescan +hsync -vsync (29.8 kHz d)
[    71.726] (II) modeset(0): Modeline "320x240"x120.1   12.59  320 328 376 400  240 245 246 262 doublescan -hsync -vsync (31.5 kHz d)
[    71.726] (II) modeset(0): Modeline "360x202"x119.0   11.25  360 372 404 448  202 204 206 211 doublescan -hsync +vsync (25.1 kHz d)
[    71.726] (II) modeset(0): Modeline "360x202"x118.3   10.88  360 384 400 440  202 204 206 209 doublescan +hsync -vsync (24.7 kHz d)
[    71.726] (II) modeset(0): Modeline "320x180"x119.7    9.00  320 332 360 400  180 181 184 188 doublescan -hsync +vsync (22.5 kHz d)
[    71.726] (II) modeset(0): Modeline "320x180"x118.6    8.88  320 344 360 400  180 181 184 187 doublescan +hsync -vsync (22.2 kHz d)
[    71.736] (II) modeset(0): EDID for output VGA-1
[    71.736] (II) modeset(0): Output LVDS-1 connected
[    71.736] (II) modeset(0): Output VGA-1 disconnected
[    71.736] (II) modeset(0): Using exact sizes for initial modes
[    71.736] (II) modeset(0): Output LVDS-1 using initial mode 1024x768 +0+0
[    71.737] (==) modeset(0): Using gamma correction (1.0, 1.0, 1.0)
[    71.737] (==) modeset(0): DPI set to (96, 96)
[    71.737] (II) Loading sub module "fb"
[    71.737] (II) LoadModule: "fb"
[    71.737] (II) Loading /usr/lib/xorg/modules/libfb.so
[    71.813] (II) Module fb: vendor="X.Org Foundation"
[    71.813] 	compiled for 1.20.9, module version = 1.0.0
[    71.813] 	ABI class: X.Org ANSI C Emulation, version 0.4
[    71.813] (II) UnloadModule: "fbdev"
[    71.813] (II) Unloading fbdev
[    71.813] (II) UnloadSubModule: "fbdevhw"
[    71.813] (II) Unloading fbdevhw
[    71.813] (II) UnloadModule: "vesa"
[    71.813] (II) Unloading vesa
[    72.842] (==) modeset(0): Backing store enabled
[    72.842] (==) modeset(0): Silken mouse enabled
[    72.913] (II) modeset(0): Initializing kms color map for depth 24, 8 bpc.
[    72.914] (==) modeset(0): DPMS enabled
[    72.937] (II) modeset(0): [DRI2] Setup complete
[    72.937] (II) modeset(0): [DRI2]   DRI driver: i965
[    72.937] (II) modeset(0): [DRI2]   VDPAU driver: va_gl
[    72.937] (II) Initializing extension Generic Event Extension
[    72.938] (II) Initializing extension SHAPE
[    72.938] (II) Initializing extension MIT-SHM
[    72.939] (II) Initializing extension XInputExtension
[    73.098] (II) Initializing extension XTEST
[    73.099] (II) Initializing extension BIG-REQUESTS
[    73.100] (II) Initializing extension SYNC
[    73.100] (II) Initializing extension XKEYBOARD
[    73.101] (II) Initializing extension XC-MISC
[    73.101] (II) Initializing extension SECURITY
[    73.102] (II) Initializing extension XFIXES
[    73.102] (II) Initializing extension RENDER
[    73.102] (II) Initializing extension RANDR
[    73.103] (II) Initializing extension COMPOSITE
[    73.104] (II) Initializing extension DAMAGE
[    73.104] (II) Initializing extension MIT-SCREEN-SAVER
[    73.104] (II) Initializing extension DOUBLE-BUFFER
[    73.105] (II) Initializing extension RECORD
[    73.105] (II) Initializing extension DPMS
[    73.106] (II) Initializing extension Present
[    73.106] (II) Initializing extension DRI3
[    73.106] (II) Initializing extension X-Resource
[    73.107] (II) Initializing extension XVideo
[    73.107] (II) Initializing extension XVideo-MotionCompensation
[    73.107] (II) Initializing extension SELinux
[    73.107] (II) SELinux: Disabled on system
[    73.107] (II) Initializing extension GLX
[    73.128] (II) AIGLX: Loaded and initialized i965
[    73.128] (II) GLX: Initialized DRI2 GL provider for screen 0
[    73.128] (II) Initializing extension XFree86-VidModeExtension
[    73.128] (II) Initializing extension XFree86-DGA
[    73.129] (II) Initializing extension XFree86-DRI
[    73.129] (II) Initializing extension DRI2
[    73.976] (II) modeset(0): Damage tracking initialized
[    73.976] (II) modeset(0): Setting screen physical size to 270 x 203
[    77.375] (II) config/udev: Adding input device Power Button (/dev/input/event2)
[    77.375] (**) Power Button: Applying InputClass "libinput keyboard catchall"
[    77.375] (II) LoadModule: "libinput"
[    77.375] (II) Loading /usr/lib/xorg/modules/input/libinput_drv.so
[    77.575] (II) Module libinput: vendor="X.Org Foundation"
[    77.575] 	compiled for 1.20.4, module version = 0.29.0
[    77.575] 	Module class: X.Org XInput Driver
[    77.575] 	ABI class: X.Org XInput driver, version 24.1
[    77.575] (II) Using input driver 'libinput' for 'Power Button'
[    77.578] (II) systemd-logind: got fd for /dev/input/event2 13:66 fd 22 paused 0
[    77.578] (**) Power Button: always reports core events
[    77.578] (**) Option "Device" "/dev/input/event2"
[    77.578] (**) Option "_source" "server/udev"
[    77.709] (II) event2  - Power Button: is tagged by udev as: Keyboard
[    77.709] (II) event2  - Power Button: device is a keyboard
[    77.709] (II) event2  - Power Button: device removed
[    77.710] (**) Option "config_info" "udev:/sys/devices/LNXSYSTM:00/LNXPWRBN:00/input/input2/event2"
[    77.710] (II) XINPUT: Adding extended input device "Power Button" (type: KEYBOARD, id 6)
[    77.710] (**) Option "xkb_model" "pc105"
[    77.710] (**) Option "xkb_layout" "jp"
[    77.850] (II) event2  - Power Button: is tagged by udev as: Keyboard
[    77.851] (II) event2  - Power Button: device is a keyboard
[    77.854] (II) config/udev: Adding input device Video Bus (/dev/input/event6)
[    77.855] (**) Video Bus: Applying InputClass "libinput keyboard catchall"
[    77.855] (II) Using input driver 'libinput' for 'Video Bus'
[    77.862] (II) systemd-logind: got fd for /dev/input/event6 13:70 fd 25 paused 0
[    77.862] (**) Video Bus: always reports core events
[    77.862] (**) Option "Device" "/dev/input/event6"
[    77.863] (**) Option "_source" "server/udev"
[    77.867] (II) event6  - Video Bus: is tagged by udev as: Keyboard
[    77.867] (II) event6  - Video Bus: device is a keyboard
[    77.868] (II) event6  - Video Bus: device removed
[    77.868] (**) Option "config_info" "udev:/sys/devices/LNXSYSTM:00/LNXSYBUS:00/PNP0A08:00/LNXVIDEO:00/input/input13/event6"
[    77.868] (II) XINPUT: Adding extended input device "Video Bus" (type: KEYBOARD, id 7)
[    77.868] (**) Option "xkb_model" "pc105"
[    77.868] (**) Option "xkb_layout" "jp"
[    77.872] (II) event6  - Video Bus: is tagged by udev as: Keyboard
[    77.872] (II) event6  - Video Bus: device is a keyboard
[    77.874] (II) config/udev: Adding input device Power Button (/dev/input/event1)
[    77.875] (**) Power Button: Applying InputClass "libinput keyboard catchall"
[    77.875] (II) Using input driver 'libinput' for 'Power Button'
[    77.877] (II) systemd-logind: got fd for /dev/input/event1 13:65 fd 26 paused 0
[    77.878] (**) Power Button: always reports core events
[    77.878] (**) Option "Device" "/dev/input/event1"
[    77.878] (**) Option "_source" "server/udev"
[    77.881] (II) event1  - Power Button: is tagged by udev as: Keyboard
[    77.882] (II) event1  - Power Button: device is a keyboard
[    77.882] (II) event1  - Power Button: device removed
[    77.882] (**) Option "config_info" "udev:/sys/devices/LNXSYSTM:00/LNXSYBUS:00/PNP0C0C:00/input/input1/event1"
[    77.882] (II) XINPUT: Adding extended input device "Power Button" (type: KEYBOARD, id 8)
[    77.882] (**) Option "xkb_model" "pc105"
[    77.882] (**) Option "xkb_layout" "jp"
[    77.886] (II) event1  - Power Button: is tagged by udev as: Keyboard
[    77.887] (II) event1  - Power Button: device is a keyboard
[    77.889] (II) config/udev: Adding input device Lid Switch (/dev/input/event0)
[    77.889] (II) No input driver specified, ignoring this device.
[    77.889] (II) This device may have been added with another device file.
[    77.892] (II) config/udev: Adding input device HDA Intel Mic (/dev/input/event7)
[    77.892] (II) No input driver specified, ignoring this device.
[    77.892] (II) This device may have been added with another device file.
[    77.893] (II) config/udev: Adding input device HDA Intel Front Headphone (/dev/input/event8)
[    77.893] (II) No input driver specified, ignoring this device.
[    77.893] (II) This device may have been added with another device file.
[    77.895] (II) config/udev: Adding input device AT Translated Set 2 keyboard (/dev/input/event3)
[    77.895] (**) AT Translated Set 2 keyboard: Applying InputClass "libinput keyboard catchall"
[    77.895] (II) Using input driver 'libinput' for 'AT Translated Set 2 keyboard'
[    77.901] (II) systemd-logind: got fd for /dev/input/event3 13:67 fd 27 paused 0
[    77.901] (**) AT Translated Set 2 keyboard: always reports core events
[    77.901] (**) Option "Device" "/dev/input/event3"
[    77.901] (**) Option "_source" "server/udev"
[    77.905] (II) event3  - AT Translated Set 2 keyboard: is tagged by udev as: Keyboard
[    77.906] (II) event3  - AT Translated Set 2 keyboard: device is a keyboard
[    77.907] (II) event3  - AT Translated Set 2 keyboard: device removed
[    77.908] (**) Option "config_info" "udev:/sys/devices/platform/i8042/serio0/input/input3/event3"
[    77.908] (II) XINPUT: Adding extended input device "AT Translated Set 2 keyboard" (type: KEYBOARD, id 9)
[    77.908] (**) Option "xkb_model" "pc105"
[    77.908] (**) Option "xkb_layout" "jp"
[    77.912] (II) event3  - AT Translated Set 2 keyboard: is tagged by udev as: Keyboard
[    77.913] (II) event3  - AT Translated Set 2 keyboard: device is a keyboard
[    77.916] (II) config/udev: Adding input device SynPS/2 Synaptics TouchPad (/dev/input/event4)
[    77.916] (**) SynPS/2 Synaptics TouchPad: Applying InputClass "libinput touchpad catchall"
[    77.916] (II) Using input driver 'libinput' for 'SynPS/2 Synaptics TouchPad'
[    77.922] (II) systemd-logind: got fd for /dev/input/event4 13:68 fd 28 paused 0
[    77.922] (**) SynPS/2 Synaptics TouchPad: always reports core events
[    77.922] (**) Option "Device" "/dev/input/event4"
[    77.922] (**) Option "_source" "server/udev"
[    77.927] (II) event4  - SynPS/2 Synaptics TouchPad: is tagged by udev as: Touchpad
[    77.930] (II) event4  - SynPS/2 Synaptics TouchPad: device is a touchpad
[    77.931] (II) event4  - SynPS/2 Synaptics TouchPad: device removed
[    77.932] (**) Option "config_info" "udev:/sys/devices/platform/i8042/serio4/input/input11/event4"
[    77.932] (II) XINPUT: Adding extended input device "SynPS/2 Synaptics TouchPad" (type: TOUCHPAD, id 10)
[    77.934] (**) Option "AccelerationScheme" "none"
[    77.934] (**) SynPS/2 Synaptics TouchPad: (accel) selected scheme none/0
[    77.934] (**) SynPS/2 Synaptics TouchPad: (accel) acceleration factor: 2.000
[    77.934] (**) SynPS/2 Synaptics TouchPad: (accel) acceleration threshold: 4
[    77.938] (II) event4  - SynPS/2 Synaptics TouchPad: is tagged by udev as: Touchpad
[    77.942] (II) event4  - SynPS/2 Synaptics TouchPad: device is a touchpad
[    77.945] (II) config/udev: Adding input device SynPS/2 Synaptics TouchPad (/dev/input/mouse0)
[    77.945] (II) No input driver specified, ignoring this device.
[    77.945] (II) This device may have been added with another device file.
[    77.957] (II) config/udev: Adding input device Panasonic Laptop Support (/dev/input/event5)
[    77.957] (**) Panasonic Laptop Support: Applying InputClass "libinput keyboard catchall"
[    77.957] (II) Using input driver 'libinput' for 'Panasonic Laptop Support'
[    77.962] (II) systemd-logind: got fd for /dev/input/event5 13:69 fd 29 paused 0
[    77.962] (**) Panasonic Laptop Support: always reports core events
[    77.962] (**) Option "Device" "/dev/input/event5"
[    77.962] (**) Option "_source" "server/udev"
[    77.965] (II) event5  - Panasonic Laptop Support: is tagged by udev as: Keyboard
[    77.965] (II) event5  - Panasonic Laptop Support: device is a keyboard
[    77.966] (II) event5  - Panasonic Laptop Support: device removed
[    77.966] (**) Option "config_info" "udev:/sys/devices/virtual/input/input12/event5"
[    77.966] (II) XINPUT: Adding extended input device "Panasonic Laptop Support" (type: KEYBOARD, id 11)
[    77.966] (**) Option "xkb_model" "pc105"
[    77.966] (**) Option "xkb_layout" "jp"
[    77.969] (II) event5  - Panasonic Laptop Support: is tagged by udev as: Keyboard
[    77.969] (II) event5  - Panasonic Laptop Support: device is a keyboard
[  1896.317] (II) Axis 0 value 1268 is outside expected range [1272, 5672]
See https://wayland.freedesktop.org/libinput/doc/1.15.5/absolute_coordinate_ranges.html for details
[  6535.207] (II) Axis 0x1 value 4695 is outside expected range [1256, 4600]
See https://wayland.freedesktop.org/libinput/doc/1.15.5/absolute_coordinate_ranges.html for details
[  7810.455] (**) Option "fd" "22"
[  7810.457] (II) event2  - Power Button: device removed
[  7810.458] (**) Option "fd" "25"
[  7810.458] (II) event6  - Video Bus: device removed
[  7810.459] (**) Option "fd" "26"
[  7810.459] (II) event1  - Power Button: device removed
[  7810.460] (**) Option "fd" "27"
[  7810.460] (II) event3  - AT Translated Set 2 keyboard: device removed
[  7810.460] (**) Option "fd" "28"
[  7810.460] (II) event4  - SynPS/2 Synaptics TouchPad: device removed
[  7810.463] (**) Option "fd" "29"
[  7810.463] (II) event5  - Panasonic Laptop Support: device removed
[  7810.493] (II) AIGLX: Suspending AIGLX clients for VT switch
[  7810.597] (II) systemd-logind: got pause for 13:67
[  7810.598] (II) systemd-logind: got pause for 226:0
[  7810.598] (II) systemd-logind: got pause for 13:69
[  7810.598] (II) systemd-logind: got pause for 13:68
[  7810.598] (II) systemd-logind: got pause for 13:65
[  7810.598] (II) systemd-logind: got pause for 13:66
[  7810.598] (II) systemd-logind: got pause for 13:70
[  7816.602] (II) systemd-logind: got resume for 13:67
[  7816.602] (II) systemd-logind: got resume for 226:0
[  7816.602] (II) AIGLX: Resuming AIGLX clients after VT switch
[  7817.013] (II) event3  - AT Translated Set 2 keyboard: is tagged by udev as: Keyboard
[  7817.013] (II) event3  - AT Translated Set 2 keyboard: device is a keyboard
[  7817.016] (II) systemd-logind: got resume for 13:69
[  7817.019] (II) event5  - Panasonic Laptop Support: is tagged by udev as: Keyboard
[  7817.019] (II) event5  - Panasonic Laptop Support: device is a keyboard
[  7817.021] (II) systemd-logind: got resume for 13:68
[  7817.025] (II) event4  - SynPS/2 Synaptics TouchPad: is tagged by udev as: Touchpad
[  7817.029] (II) event4  - SynPS/2 Synaptics TouchPad: device is a touchpad
[  7817.031] (II) systemd-logind: got resume for 13:65
[  7817.035] (II) event1  - Power Button: is tagged by udev as: Keyboard
[  7817.035] (II) event1  - Power Button: device is a keyboard
[  7817.036] (II) systemd-logind: got resume for 13:66
[  7817.039] (II) event2  - Power Button: is tagged by udev as: Keyboard
[  7817.040] (II) event2  - Power Button: device is a keyboard
[  7817.042] (II) systemd-logind: got resume for 13:70
[  7817.046] (II) event6  - Video Bus: is tagged by udev as: Keyboard
[  7817.046] (II) event6  - Video Bus: device is a keyboard
[  7851.911] (II) Axis 0x1 value 4664 is outside expected range [1256, 4600]
See https://wayland.freedesktop.org/libinput/doc/1.15.5/absolute_coordinate_ranges.html for details
[ 11314.698] (II) Axis 0x1 value 4702 is outside expected range [1256, 4600]
See https://wayland.freedesktop.org/libinput/doc/1.15.5/absolute_coordinate_ranges.html for details
